2016-01-11 17:32:51,395 [localhost-startStop-1] ERROR [com.alibaba.druid.pool.DruidDataSource] - init datasource error, url: jdbc:mysql://localhost:3306/jeesite?useUnicode=true&characterEncoding=utf-8
java.sql.SQLException: Access denied for user 'root'@'localhost' (using password: YES)
	at com.mysql.jdbc.SQLError.createSQLException(SQLError.java:1084)
	at com.mysql.jdbc.MysqlIO.checkErrorPacket(MysqlIO.java:4232)
	at com.mysql.jdbc.MysqlIO.checkErrorPacket(MysqlIO.java:4164)
	at com.mysql.jdbc.MysqlIO.checkErrorPacket(MysqlIO.java:926)
	at com.mysql.jdbc.MysqlIO.secureAuth411(MysqlIO.java:4732)
	at com.mysql.jdbc.MysqlIO.doHandshake(MysqlIO.java:1340)
	at com.mysql.jdbc.ConnectionImpl.coreConnect(ConnectionImpl.java:2506)
	at com.mysql.jdbc.ConnectionImpl.connectOneTryOnly(ConnectionImpl.java:2539)
	at com.mysql.jdbc.ConnectionImpl.createNewIO(ConnectionImpl.java:2321)
	at com.mysql.jdbc.ConnectionImpl.<init>(ConnectionImpl.java:832)
	at com.mysql.jdbc.JDBC4Connection.<init>(JDBC4Connection.java:46)
	at sun.reflect.NativeConstructorAccessorImpl.newInstance0(Native Method)
	at sun.reflect.NativeConstructorAccessorImpl.newInstance(NativeConstructorAccessorImpl.java:57)
	at sun.reflect.DelegatingConstructorAccessorImpl.newInstance(DelegatingConstructorAccessorImpl.java:45)
	at java.lang.reflect.Constructor.newInstance(Constructor.java:525)
	at com.mysql.jdbc.Util.handleNewInstance(Util.java:409)
	at com.mysql.jdbc.ConnectionImpl.getInstance(ConnectionImpl.java:417)
	at com.mysql.jdbc.NonRegisteringDriver.connect(NonRegisteringDriver.java:344)
	at com.alibaba.druid.filter.FilterChainImpl.connection_connect(FilterChainImpl.java:148)
	at com.alibaba.druid.filter.stat.StatFilter.connection_connect(StatFilter.java:211)
	at com.alibaba.druid.filter.FilterChainImpl.connection_connect(FilterChainImpl.java:142)
	at com.alibaba.druid.pool.DruidAbstractDataSource.createPhysicalConnection(DruidAbstractDataSource.java:1377)
	at com.alibaba.druid.pool.DruidAbstractDataSource.createPhysicalConnection(DruidAbstractDataSource.java:1431)
	at com.alibaba.druid.pool.DruidDataSource.init(DruidDataSource.java:630)
	at sun.reflect.NativeMethodAccessorImpl.invoke0(Native Method)
	at sun.reflect.NativeMethodAccessorImpl.invoke(NativeMethodAccessorImpl.java:57)
	at sun.reflect.DelegatingMethodAccessorImpl.invoke(DelegatingMethodAccessorImpl.java:43)
	at java.lang.reflect.Method.invoke(Method.java:601)
	at org.springframework.beans.factory.support.AbstractAutowireCapableBeanFactory.invokeCustomInitMethod(AbstractAutowireCapableBeanFactory.java:1682)
	at org.springframework.beans.factory.support.AbstractAutowireCapableBeanFactory.invokeInitMethods(AbstractAutowireCapableBeanFactory.java:1621)
	at org.springframework.beans.factory.support.AbstractAutowireCapableBeanFactory.initializeBean(AbstractAutowireCapableBeanFactory.java:1550)
	at org.springframework.beans.factory.support.AbstractAutowireCapableBeanFactory.doCreateBean(AbstractAutowireCapableBeanFactory.java:539)
	at org.springframework.beans.factory.support.AbstractAutowireCapableBeanFactory.createBean(AbstractAutowireCapableBeanFactory.java:475)
	at org.springframework.beans.factory.support.AbstractBeanFactory$1.getObject(AbstractBeanFactory.java:302)
	at org.springframework.beans.factory.support.DefaultSingletonBeanRegistry.getSingleton(DefaultSingletonBeanRegistry.java:228)
	at org.springframework.beans.factory.support.AbstractBeanFactory.doGetBean(AbstractBeanFactory.java:298)
	at org.springframework.beans.factory.support.AbstractBeanFactory.getBean(AbstractBeanFactory.java:193)
	at org.springframework.beans.factory.support.BeanDefinitionValueResolver.resolveReference(BeanDefinitionValueResolver.java:328)
	at org.springframework.beans.factory.support.BeanDefinitionValueResolver.resolveValueIfNecessary(BeanDefinitionValueResolver.java:108)
	at org.springframework.beans.factory.support.AbstractAutowireCapableBeanFactory.applyPropertyValues(AbstractAutowireCapableBeanFactory.java:1457)
	at org.springframework.beans.factory.support.AbstractAutowireCapableBeanFactory.populateBean(AbstractAutowireCapableBeanFactory.java:1198)
	at org.springframework.beans.factory.support.AbstractAutowireCapableBeanFactory.doCreateBean(AbstractAutowireCapableBeanFactory.java:537)
	at org.springframework.beans.factory.support.AbstractAutowireCapableBeanFactory.createBean(AbstractAutowireCapableBeanFactory.java:475)
	at org.springframework.beans.factory.support.AbstractBeanFactory$1.getObject(AbstractBeanFactory.java:302)
	at org.springframework.beans.factory.support.DefaultSingletonBeanRegistry.getSingleton(DefaultSingletonBeanRegistry.java:228)
	at org.springframework.beans.factory.support.AbstractBeanFactory.doGetBean(AbstractBeanFactory.java:298)
	at org.springframework.beans.factory.support.AbstractBeanFactory.getBean(AbstractBeanFactory.java:193)
	at org.springframework.beans.factory.support.BeanDefinitionValueResolver.resolveReference(BeanDefinitionValueResolver.java:328)
	at org.springframework.beans.factory.support.BeanDefinitionValueResolver.resolveValueIfNecessary(BeanDefinitionValueResolver.java:108)
	at org.springframework.beans.factory.support.AbstractAutowireCapableBeanFactory.applyPropertyValues(AbstractAutowireCapableBeanFactory.java:1457)
	at org.springframework.beans.factory.support.AbstractAutowireCapableBeanFactory.populateBean(AbstractAutowireCapableBeanFactory.java:1198)
	at org.springframework.beans.factory.support.AbstractAutowireCapableBeanFactory.doCreateBean(AbstractAutowireCapableBeanFactory.java:537)
	at org.springframework.beans.factory.support.AbstractAutowireCapableBeanFactory.createBean(AbstractAutowireCapableBeanFactory.java:475)
	at org.springframework.beans.factory.support.AbstractBeanFactory$1.getObject(AbstractBeanFactory.java:302)
	at org.springframework.beans.factory.support.DefaultSingletonBeanRegistry.getSingleton(DefaultSingletonBeanRegistry.java:228)
	at org.springframework.beans.factory.support.AbstractBeanFactory.doGetBean(AbstractBeanFactory.java:298)
	at org.springframework.beans.factory.support.AbstractBeanFactory.getBean(AbstractBeanFactory.java:193)
	at org.springframework.beans.factory.support.DefaultListableBeanFactory.preInstantiateSingletons(DefaultListableBeanFactory.java:687)
	at org.springframework.context.support.AbstractApplicationContext.finishBeanFactoryInitialization(AbstractApplicationContext.java:762)
	at org.springframework.context.support.AbstractApplicationContext.refresh(AbstractApplicationContext.java:482)
	at org.springframework.web.context.ContextLoader.configureAndRefreshWebApplicationContext(ContextLoader.java:403)
	at org.springframework.web.context.ContextLoader.initWebApplicationContext(ContextLoader.java:306)
	at com.thinkgem.jeesite.modules.sys.listener.WebContextListener.initWebApplicationContext(WebContextListener.java:16)
	at org.springframework.web.context.ContextLoaderListener.contextInitialized(ContextLoaderListener.java:106)
	at org.apache.catalina.core.StandardContext.listenerStart(StandardContext.java:4939)
	at org.apache.catalina.core.StandardContext.startInternal(StandardContext.java:5434)
	at org.apache.catalina.util.LifecycleBase.start(LifecycleBase.java:150)
	at org.apache.catalina.core.ContainerBase$StartChild.call(ContainerBase.java:1559)
	at org.apache.catalina.core.ContainerBase$StartChild.call(ContainerBase.java:1549)
	at java.util.concurrent.FutureTask$Sync.innerRun(FutureTask.java:334)
	at java.util.concurrent.FutureTask.run(FutureTask.java:166)
	at java.util.concurrent.ThreadPoolExecutor.runWorker(ThreadPoolExecutor.java:1145)
	at java.util.concurrent.ThreadPoolExecutor$Worker.run(ThreadPoolExecutor.java:615)
	at java.lang.Thread.run(Thread.java:722)
2016-01-11 17:32:51,419 [localhost-startStop-1] ERROR [com.alibaba.druid.pool.DruidDataSource] - dataSource init error
java.sql.SQLException: Access denied for user 'root'@'localhost' (using password: YES)
	at com.mysql.jdbc.SQLError.createSQLException(SQLError.java:1084)
	at com.mysql.jdbc.MysqlIO.checkErrorPacket(MysqlIO.java:4232)
	at com.mysql.jdbc.MysqlIO.checkErrorPacket(MysqlIO.java:4164)
	at com.mysql.jdbc.MysqlIO.checkErrorPacket(MysqlIO.java:926)
	at com.mysql.jdbc.MysqlIO.secureAuth411(MysqlIO.java:4732)
	at com.mysql.jdbc.MysqlIO.doHandshake(MysqlIO.java:1340)
	at com.mysql.jdbc.ConnectionImpl.coreConnect(ConnectionImpl.java:2506)
	at com.mysql.jdbc.ConnectionImpl.connectOneTryOnly(ConnectionImpl.java:2539)
	at com.mysql.jdbc.ConnectionImpl.createNewIO(ConnectionImpl.java:2321)
	at com.mysql.jdbc.ConnectionImpl.<init>(ConnectionImpl.java:832)
	at com.mysql.jdbc.JDBC4Connection.<init>(JDBC4Connection.java:46)
	at sun.reflect.NativeConstructorAccessorImpl.newInstance0(Native Method)
	at sun.reflect.NativeConstructorAccessorImpl.newInstance(NativeConstructorAccessorImpl.java:57)
	at sun.reflect.DelegatingConstructorAccessorImpl.newInstance(DelegatingConstructorAccessorImpl.java:45)
	at java.lang.reflect.Constructor.newInstance(Constructor.java:525)
	at com.mysql.jdbc.Util.handleNewInstance(Util.java:409)
	at com.mysql.jdbc.ConnectionImpl.getInstance(ConnectionImpl.java:417)
	at com.mysql.jdbc.NonRegisteringDriver.connect(NonRegisteringDriver.java:344)
	at com.alibaba.druid.filter.FilterChainImpl.connection_connect(FilterChainImpl.java:148)
	at com.alibaba.druid.filter.stat.StatFilter.connection_connect(StatFilter.java:211)
	at com.alibaba.druid.filter.FilterChainImpl.connection_connect(FilterChainImpl.java:142)
	at com.alibaba.druid.pool.DruidAbstractDataSource.createPhysicalConnection(DruidAbstractDataSource.java:1377)
	at com.alibaba.druid.pool.DruidAbstractDataSource.createPhysicalConnection(DruidAbstractDataSource.java:1431)
	at com.alibaba.druid.pool.DruidDataSource.init(DruidDataSource.java:630)
	at sun.reflect.NativeMethodAccessorImpl.invoke0(Native Method)
	at sun.reflect.NativeMethodAccessorImpl.invoke(NativeMethodAccessorImpl.java:57)
	at sun.reflect.DelegatingMethodAccessorImpl.invoke(DelegatingMethodAccessorImpl.java:43)
	at java.lang.reflect.Method.invoke(Method.java:601)
	at org.springframework.beans.factory.support.AbstractAutowireCapableBeanFactory.invokeCustomInitMethod(AbstractAutowireCapableBeanFactory.java:1682)
	at org.springframework.beans.factory.support.AbstractAutowireCapableBeanFactory.invokeInitMethods(AbstractAutowireCapableBeanFactory.java:1621)
	at org.springframework.beans.factory.support.AbstractAutowireCapableBeanFactory.initializeBean(AbstractAutowireCapableBeanFactory.java:1550)
	at org.springframework.beans.factory.support.AbstractAutowireCapableBeanFactory.doCreateBean(AbstractAutowireCapableBeanFactory.java:539)
	at org.springframework.beans.factory.support.AbstractAutowireCapableBeanFactory.createBean(AbstractAutowireCapableBeanFactory.java:475)
	at org.springframework.beans.factory.support.AbstractBeanFactory$1.getObject(AbstractBeanFactory.java:302)
	at org.springframework.beans.factory.support.DefaultSingletonBeanRegistry.getSingleton(DefaultSingletonBeanRegistry.java:228)
	at org.springframework.beans.factory.support.AbstractBeanFactory.doGetBean(AbstractBeanFactory.java:298)
	at org.springframework.beans.factory.support.AbstractBeanFactory.getBean(AbstractBeanFactory.java:193)
	at org.springframework.beans.factory.support.BeanDefinitionValueResolver.resolveReference(BeanDefinitionValueResolver.java:328)
	at org.springframework.beans.factory.support.BeanDefinitionValueResolver.resolveValueIfNecessary(BeanDefinitionValueResolver.java:108)
	at org.springframework.beans.factory.support.AbstractAutowireCapableBeanFactory.applyPropertyValues(AbstractAutowireCapableBeanFactory.java:1457)
	at org.springframework.beans.factory.support.AbstractAutowireCapableBeanFactory.populateBean(AbstractAutowireCapableBeanFactory.java:1198)
	at org.springframework.beans.factory.support.AbstractAutowireCapableBeanFactory.doCreateBean(AbstractAutowireCapableBeanFactory.java:537)
	at org.springframework.beans.factory.support.AbstractAutowireCapableBeanFactory.createBean(AbstractAutowireCapableBeanFactory.java:475)
	at org.springframework.beans.factory.support.AbstractBeanFactory$1.getObject(AbstractBeanFactory.java:302)
	at org.springframework.beans.factory.support.DefaultSingletonBeanRegistry.getSingleton(DefaultSingletonBeanRegistry.java:228)
	at org.springframework.beans.factory.support.AbstractBeanFactory.doGetBean(AbstractBeanFactory.java:298)
	at org.springframework.beans.factory.support.AbstractBeanFactory.getBean(AbstractBeanFactory.java:193)
	at org.springframework.beans.factory.support.BeanDefinitionValueResolver.resolveReference(BeanDefinitionValueResolver.java:328)
	at org.springframework.beans.factory.support.BeanDefinitionValueResolver.resolveValueIfNecessary(BeanDefinitionValueResolver.java:108)
	at org.springframework.beans.factory.support.AbstractAutowireCapableBeanFactory.applyPropertyValues(AbstractAutowireCapableBeanFactory.java:1457)
	at org.springframework.beans.factory.support.AbstractAutowireCapableBeanFactory.populateBean(AbstractAutowireCapableBeanFactory.java:1198)
	at org.springframework.beans.factory.support.AbstractAutowireCapableBeanFactory.doCreateBean(AbstractAutowireCapableBeanFactory.java:537)
	at org.springframework.beans.factory.support.AbstractAutowireCapableBeanFactory.createBean(AbstractAutowireCapableBeanFactory.java:475)
	at org.springframework.beans.factory.support.AbstractBeanFactory$1.getObject(AbstractBeanFactory.java:302)
	at org.springframework.beans.factory.support.DefaultSingletonBeanRegistry.getSingleton(DefaultSingletonBeanRegistry.java:228)
	at org.springframework.beans.factory.support.AbstractBeanFactory.doGetBean(AbstractBeanFactory.java:298)
	at org.springframework.beans.factory.support.AbstractBeanFactory.getBean(AbstractBeanFactory.java:193)
	at org.springframework.beans.factory.support.DefaultListableBeanFactory.preInstantiateSingletons(DefaultListableBeanFactory.java:687)
	at org.springframework.context.support.AbstractApplicationContext.finishBeanFactoryInitialization(AbstractApplicationContext.java:762)
	at org.springframework.context.support.AbstractApplicationContext.refresh(AbstractApplicationContext.java:482)
	at org.springframework.web.context.ContextLoader.configureAndRefreshWebApplicationContext(ContextLoader.java:403)
	at org.springframework.web.context.ContextLoader.initWebApplicationContext(ContextLoader.java:306)
	at com.thinkgem.jeesite.modules.sys.listener.WebContextListener.initWebApplicationContext(WebContextListener.java:16)
	at org.springframework.web.context.ContextLoaderListener.contextInitialized(ContextLoaderListener.java:106)
	at org.apache.catalina.core.StandardContext.listenerStart(StandardContext.java:4939)
	at org.apache.catalina.core.StandardContext.startInternal(StandardContext.java:5434)
	at org.apache.catalina.util.LifecycleBase.start(LifecycleBase.java:150)
	at org.apache.catalina.core.ContainerBase$StartChild.call(ContainerBase.java:1559)
	at org.apache.catalina.core.ContainerBase$StartChild.call(ContainerBase.java:1549)
	at java.util.concurrent.FutureTask$Sync.innerRun(FutureTask.java:334)
	at java.util.concurrent.FutureTask.run(FutureTask.java:166)
	at java.util.concurrent.ThreadPoolExecutor.runWorker(ThreadPoolExecutor.java:1145)
	at java.util.concurrent.ThreadPoolExecutor$Worker.run(ThreadPoolExecutor.java:615)
	at java.lang.Thread.run(Thread.java:722)
2016-01-11 17:32:51,427 [localhost-startStop-1] WARN  [org.springframework.web.context.support.XmlWebApplicationContext] - Exception encountered during context initialization - cancelling refresh attempt
org.springframework.beans.factory.BeanCreationException: Error creating bean with name 'actDao' defined in file [C:\Users\liruiming\Desktop\HADOOP\jeesite\jeesite\src\main\webapp\WEB-INF\classes\com\thinkgem\jeesite\modules\act\dao\ActDao.class]: Cannot resolve reference to bean 'sqlSessionFactory' while setting bean property 'sqlSessionFactory'; nested exception is org.springframework.beans.factory.BeanCreationException: Error creating bean with name 'sqlSessionFactory' defined in file [C:\Users\liruiming\Desktop\HADOOP\jeesite\jeesite\src\main\webapp\WEB-INF\classes\spring-context.xml]: Cannot resolve reference to bean 'dataSource' while setting bean property 'dataSource'; nested exception is org.springframework.beans.factory.BeanCreationException: Error creating bean with name 'dataSource' defined in file [C:\Users\liruiming\Desktop\HADOOP\jeesite\jeesite\src\main\webapp\WEB-INF\classes\spring-context.xml]: Invocation of init method failed; nested exception is java.sql.SQLException: Access denied for user 'root'@'localhost' (using password: YES)
	at org.springframework.beans.factory.support.BeanDefinitionValueResolver.resolveReference(BeanDefinitionValueResolver.java:336)
	at org.springframework.beans.factory.support.BeanDefinitionValueResolver.resolveValueIfNecessary(BeanDefinitionValueResolver.java:108)
	at org.springframework.beans.factory.support.AbstractAutowireCapableBeanFactory.applyPropertyValues(AbstractAutowireCapableBeanFactory.java:1457)
	at org.springframework.beans.factory.support.AbstractAutowireCapableBeanFactory.populateBean(AbstractAutowireCapableBeanFactory.java:1198)
	at org.springframework.beans.factory.support.AbstractAutowireCapableBeanFactory.doCreateBean(AbstractAutowireCapableBeanFactory.java:537)
	at org.springframework.beans.factory.support.AbstractAutowireCapableBeanFactory.createBean(AbstractAutowireCapableBeanFactory.java:475)
	at org.springframework.beans.factory.support.AbstractBeanFactory$1.getObject(AbstractBeanFactory.java:302)
	at org.springframework.beans.factory.support.DefaultSingletonBeanRegistry.getSingleton(DefaultSingletonBeanRegistry.java:228)
	at org.springframework.beans.factory.support.AbstractBeanFactory.doGetBean(AbstractBeanFactory.java:298)
	at org.springframework.beans.factory.support.AbstractBeanFactory.getBean(AbstractBeanFactory.java:193)
	at org.springframework.beans.factory.support.DefaultListableBeanFactory.preInstantiateSingletons(DefaultListableBeanFactory.java:687)
	at org.springframework.context.support.AbstractApplicationContext.finishBeanFactoryInitialization(AbstractApplicationContext.java:762)
	at org.springframework.context.support.AbstractApplicationContext.refresh(AbstractApplicationContext.java:482)
	at org.springframework.web.context.ContextLoader.configureAndRefreshWebApplicationContext(ContextLoader.java:403)
	at org.springframework.web.context.ContextLoader.initWebApplicationContext(ContextLoader.java:306)
	at com.thinkgem.jeesite.modules.sys.listener.WebContextListener.initWebApplicationContext(WebContextListener.java:16)
	at org.springframework.web.context.ContextLoaderListener.contextInitialized(ContextLoaderListener.java:106)
	at org.apache.catalina.core.StandardContext.listenerStart(StandardContext.java:4939)
	at org.apache.catalina.core.StandardContext.startInternal(StandardContext.java:5434)
	at org.apache.catalina.util.LifecycleBase.start(LifecycleBase.java:150)
	at org.apache.catalina.core.ContainerBase$StartChild.call(ContainerBase.java:1559)
	at org.apache.catalina.core.ContainerBase$StartChild.call(ContainerBase.java:1549)
	at java.util.concurrent.FutureTask$Sync.innerRun(FutureTask.java:334)
	at java.util.concurrent.FutureTask.run(FutureTask.java:166)
	at java.util.concurrent.ThreadPoolExecutor.runWorker(ThreadPoolExecutor.java:1145)
	at java.util.concurrent.ThreadPoolExecutor$Worker.run(ThreadPoolExecutor.java:615)
	at java.lang.Thread.run(Thread.java:722)
Caused by: org.springframework.beans.factory.BeanCreationException: Error creating bean with name 'sqlSessionFactory' defined in file [C:\Users\liruiming\Desktop\HADOOP\jeesite\jeesite\src\main\webapp\WEB-INF\classes\spring-context.xml]: Cannot resolve reference to bean 'dataSource' while setting bean property 'dataSource'; nested exception is org.springframework.beans.factory.BeanCreationException: Error creating bean with name 'dataSource' defined in file [C:\Users\liruiming\Desktop\HADOOP\jeesite\jeesite\src\main\webapp\WEB-INF\classes\spring-context.xml]: Invocation of init method failed; nested exception is java.sql.SQLException: Access denied for user 'root'@'localhost' (using password: YES)
	at org.springframework.beans.factory.support.BeanDefinitionValueResolver.resolveReference(BeanDefinitionValueResolver.java:336)
	at org.springframework.beans.factory.support.BeanDefinitionValueResolver.resolveValueIfNecessary(BeanDefinitionValueResolver.java:108)
	at org.springframework.beans.factory.support.AbstractAutowireCapableBeanFactory.applyPropertyValues(AbstractAutowireCapableBeanFactory.java:1457)
	at org.springframework.beans.factory.support.AbstractAutowireCapableBeanFactory.populateBean(AbstractAutowireCapableBeanFactory.java:1198)
	at org.springframework.beans.factory.support.AbstractAutowireCapableBeanFactory.doCreateBean(AbstractAutowireCapableBeanFactory.java:537)
	at org.springframework.beans.factory.support.AbstractAutowireCapableBeanFactory.createBean(AbstractAutowireCapableBeanFactory.java:475)
	at org.springframework.beans.factory.support.AbstractBeanFactory$1.getObject(AbstractBeanFactory.java:302)
	at org.springframework.beans.factory.support.DefaultSingletonBeanRegistry.getSingleton(DefaultSingletonBeanRegistry.java:228)
	at org.springframework.beans.factory.support.AbstractBeanFactory.doGetBean(AbstractBeanFactory.java:298)
	at org.springframework.beans.factory.support.AbstractBeanFactory.getBean(AbstractBeanFactory.java:193)
	at org.springframework.beans.factory.support.BeanDefinitionValueResolver.resolveReference(BeanDefinitionValueResolver.java:328)
	... 26 more
Caused by: org.springframework.beans.factory.BeanCreationException: Error creating bean with name 'dataSource' defined in file [C:\Users\liruiming\Desktop\HADOOP\jeesite\jeesite\src\main\webapp\WEB-INF\classes\spring-context.xml]: Invocation of init method failed; nested exception is java.sql.SQLException: Access denied for user 'root'@'localhost' (using password: YES)
	at org.springframework.beans.factory.support.AbstractAutowireCapableBeanFactory.initializeBean(AbstractAutowireCapableBeanFactory.java:1554)
	at org.springframework.beans.factory.support.AbstractAutowireCapableBeanFactory.doCreateBean(AbstractAutowireCapableBeanFactory.java:539)
	at org.springframework.beans.factory.support.AbstractAutowireCapableBeanFactory.createBean(AbstractAutowireCapableBeanFactory.java:475)
	at org.springframework.beans.factory.support.AbstractBeanFactory$1.getObject(AbstractBeanFactory.java:302)
	at org.springframework.beans.factory.support.DefaultSingletonBeanRegistry.getSingleton(DefaultSingletonBeanRegistry.java:228)
	at org.springframework.beans.factory.support.AbstractBeanFactory.doGetBean(AbstractBeanFactory.java:298)
	at org.springframework.beans.factory.support.AbstractBeanFactory.getBean(AbstractBeanFactory.java:193)
	at org.springframework.beans.factory.support.BeanDefinitionValueResolver.resolveReference(BeanDefinitionValueResolver.java:328)
	... 36 more
Caused by: java.sql.SQLException: Access denied for user 'root'@'localhost' (using password: YES)
	at com.mysql.jdbc.SQLError.createSQLException(SQLError.java:1084)
	at com.mysql.jdbc.MysqlIO.checkErrorPacket(MysqlIO.java:4232)
	at com.mysql.jdbc.MysqlIO.checkErrorPacket(MysqlIO.java:4164)
	at com.mysql.jdbc.MysqlIO.checkErrorPacket(MysqlIO.java:926)
	at com.mysql.jdbc.MysqlIO.secureAuth411(MysqlIO.java:4732)
	at com.mysql.jdbc.MysqlIO.doHandshake(MysqlIO.java:1340)
	at com.mysql.jdbc.ConnectionImpl.coreConnect(ConnectionImpl.java:2506)
	at com.mysql.jdbc.ConnectionImpl.connectOneTryOnly(ConnectionImpl.java:2539)
	at com.mysql.jdbc.ConnectionImpl.createNewIO(ConnectionImpl.java:2321)
	at com.mysql.jdbc.ConnectionImpl.<init>(ConnectionImpl.java:832)
	at com.mysql.jdbc.JDBC4Connection.<init>(JDBC4Connection.java:46)
	at sun.reflect.NativeConstructorAccessorImpl.newInstance0(Native Method)
	at sun.reflect.NativeConstructorAccessorImpl.newInstance(NativeConstructorAccessorImpl.java:57)
	at sun.reflect.DelegatingConstructorAccessorImpl.newInstance(DelegatingConstructorAccessorImpl.java:45)
	at java.lang.reflect.Constructor.newInstance(Constructor.java:525)
	at com.mysql.jdbc.Util.handleNewInstance(Util.java:409)
	at com.mysql.jdbc.ConnectionImpl.getInstance(ConnectionImpl.java:417)
	at com.mysql.jdbc.NonRegisteringDriver.connect(NonRegisteringDriver.java:344)
	at com.alibaba.druid.filter.FilterChainImpl.connection_connect(FilterChainImpl.java:148)
	at com.alibaba.druid.filter.stat.StatFilter.connection_connect(StatFilter.java:211)
	at com.alibaba.druid.filter.FilterChainImpl.connection_connect(FilterChainImpl.java:142)
	at com.alibaba.druid.pool.DruidAbstractDataSource.createPhysicalConnection(DruidAbstractDataSource.java:1377)
	at com.alibaba.druid.pool.DruidAbstractDataSource.createPhysicalConnection(DruidAbstractDataSource.java:1431)
	at com.alibaba.druid.pool.DruidDataSource.init(DruidDataSource.java:630)
	at sun.reflect.NativeMethodAccessorImpl.invoke0(Native Method)
	at sun.reflect.NativeMethodAccessorImpl.invoke(NativeMethodAccessorImpl.java:57)
	at sun.reflect.DelegatingMethodAccessorImpl.invoke(DelegatingMethodAccessorImpl.java:43)
	at java.lang.reflect.Method.invoke(Method.java:601)
	at org.springframework.beans.factory.support.AbstractAutowireCapableBeanFactory.invokeCustomInitMethod(AbstractAutowireCapableBeanFactory.java:1682)
	at org.springframework.beans.factory.support.AbstractAutowireCapableBeanFactory.invokeInitMethods(AbstractAutowireCapableBeanFactory.java:1621)
	at org.springframework.beans.factory.support.AbstractAutowireCapableBeanFactory.initializeBean(AbstractAutowireCapableBeanFactory.java:1550)
	... 43 more
2016-01-11 17:32:51,440 [localhost-startStop-1] DEBUG [com.thinkgem.jeesite.common.utils.SpringContextHolder] - 清除SpringContextHolder中的ApplicationContext:Root WebApplicationContext: startup date [Mon Jan 11 17:32:47 CST 2016]; root of context hierarchy
2016-01-11 17:32:51,467 [localhost-startStop-1] ERROR [org.springframework.web.context.ContextLoader] - Context initialization failed
org.springframework.beans.factory.BeanCreationException: Error creating bean with name 'actDao' defined in file [C:\Users\liruiming\Desktop\HADOOP\jeesite\jeesite\src\main\webapp\WEB-INF\classes\com\thinkgem\jeesite\modules\act\dao\ActDao.class]: Cannot resolve reference to bean 'sqlSessionFactory' while setting bean property 'sqlSessionFactory'; nested exception is org.springframework.beans.factory.BeanCreationException: Error creating bean with name 'sqlSessionFactory' defined in file [C:\Users\liruiming\Desktop\HADOOP\jeesite\jeesite\src\main\webapp\WEB-INF\classes\spring-context.xml]: Cannot resolve reference to bean 'dataSource' while setting bean property 'dataSource'; nested exception is org.springframework.beans.factory.BeanCreationException: Error creating bean with name 'dataSource' defined in file [C:\Users\liruiming\Desktop\HADOOP\jeesite\jeesite\src\main\webapp\WEB-INF\classes\spring-context.xml]: Invocation of init method failed; nested exception is java.sql.SQLException: Access denied for user 'root'@'localhost' (using password: YES)
	at org.springframework.beans.factory.support.BeanDefinitionValueResolver.resolveReference(BeanDefinitionValueResolver.java:336)
	at org.springframework.beans.factory.support.BeanDefinitionValueResolver.resolveValueIfNecessary(BeanDefinitionValueResolver.java:108)
	at org.springframework.beans.factory.support.AbstractAutowireCapableBeanFactory.applyPropertyValues(AbstractAutowireCapableBeanFactory.java:1457)
	at org.springframework.beans.factory.support.AbstractAutowireCapableBeanFactory.populateBean(AbstractAutowireCapableBeanFactory.java:1198)
	at org.springframework.beans.factory.support.AbstractAutowireCapableBeanFactory.doCreateBean(AbstractAutowireCapableBeanFactory.java:537)
	at org.springframework.beans.factory.support.AbstractAutowireCapableBeanFactory.createBean(AbstractAutowireCapableBeanFactory.java:475)
	at org.springframework.beans.factory.support.AbstractBeanFactory$1.getObject(AbstractBeanFactory.java:302)
	at org.springframework.beans.factory.support.DefaultSingletonBeanRegistry.getSingleton(DefaultSingletonBeanRegistry.java:228)
	at org.springframework.beans.factory.support.AbstractBeanFactory.doGetBean(AbstractBeanFactory.java:298)
	at org.springframework.beans.factory.support.AbstractBeanFactory.getBean(AbstractBeanFactory.java:193)
	at org.springframework.beans.factory.support.DefaultListableBeanFactory.preInstantiateSingletons(DefaultListableBeanFactory.java:687)
	at org.springframework.context.support.AbstractApplicationContext.finishBeanFactoryInitialization(AbstractApplicationContext.java:762)
	at org.springframework.context.support.AbstractApplicationContext.refresh(AbstractApplicationContext.java:482)
	at org.springframework.web.context.ContextLoader.configureAndRefreshWebApplicationContext(ContextLoader.java:403)
	at org.springframework.web.context.ContextLoader.initWebApplicationContext(ContextLoader.java:306)
	at com.thinkgem.jeesite.modules.sys.listener.WebContextListener.initWebApplicationContext(WebContextListener.java:16)
	at org.springframework.web.context.ContextLoaderListener.contextInitialized(ContextLoaderListener.java:106)
	at org.apache.catalina.core.StandardContext.listenerStart(StandardContext.java:4939)
	at org.apache.catalina.core.StandardContext.startInternal(StandardContext.java:5434)
	at org.apache.catalina.util.LifecycleBase.start(LifecycleBase.java:150)
	at org.apache.catalina.core.ContainerBase$StartChild.call(ContainerBase.java:1559)
	at org.apache.catalina.core.ContainerBase$StartChild.call(ContainerBase.java:1549)
	at java.util.concurrent.FutureTask$Sync.innerRun(FutureTask.java:334)
	at java.util.concurrent.FutureTask.run(FutureTask.java:166)
	at java.util.concurrent.ThreadPoolExecutor.runWorker(ThreadPoolExecutor.java:1145)
	at java.util.concurrent.ThreadPoolExecutor$Worker.run(ThreadPoolExecutor.java:615)
	at java.lang.Thread.run(Thread.java:722)
Caused by: org.springframework.beans.factory.BeanCreationException: Error creating bean with name 'sqlSessionFactory' defined in file [C:\Users\liruiming\Desktop\HADOOP\jeesite\jeesite\src\main\webapp\WEB-INF\classes\spring-context.xml]: Cannot resolve reference to bean 'dataSource' while setting bean property 'dataSource'; nested exception is org.springframework.beans.factory.BeanCreationException: Error creating bean with name 'dataSource' defined in file [C:\Users\liruiming\Desktop\HADOOP\jeesite\jeesite\src\main\webapp\WEB-INF\classes\spring-context.xml]: Invocation of init method failed; nested exception is java.sql.SQLException: Access denied for user 'root'@'localhost' (using password: YES)
	at org.springframework.beans.factory.support.BeanDefinitionValueResolver.resolveReference(BeanDefinitionValueResolver.java:336)
	at org.springframework.beans.factory.support.BeanDefinitionValueResolver.resolveValueIfNecessary(BeanDefinitionValueResolver.java:108)
	at org.springframework.beans.factory.support.AbstractAutowireCapableBeanFactory.applyPropertyValues(AbstractAutowireCapableBeanFactory.java:1457)
	at org.springframework.beans.factory.support.AbstractAutowireCapableBeanFactory.populateBean(AbstractAutowireCapableBeanFactory.java:1198)
	at org.springframework.beans.factory.support.AbstractAutowireCapableBeanFactory.doCreateBean(AbstractAutowireCapableBeanFactory.java:537)
	at org.springframework.beans.factory.support.AbstractAutowireCapableBeanFactory.createBean(AbstractAutowireCapableBeanFactory.java:475)
	at org.springframework.beans.factory.support.AbstractBeanFactory$1.getObject(AbstractBeanFactory.java:302)
	at org.springframework.beans.factory.support.DefaultSingletonBeanRegistry.getSingleton(DefaultSingletonBeanRegistry.java:228)
	at org.springframework.beans.factory.support.AbstractBeanFactory.doGetBean(AbstractBeanFactory.java:298)
	at org.springframework.beans.factory.support.AbstractBeanFactory.getBean(AbstractBeanFactory.java:193)
	at org.springframework.beans.factory.support.BeanDefinitionValueResolver.resolveReference(BeanDefinitionValueResolver.java:328)
	... 26 more
Caused by: org.springframework.beans.factory.BeanCreationException: Error creating bean with name 'dataSource' defined in file [C:\Users\liruiming\Desktop\HADOOP\jeesite\jeesite\src\main\webapp\WEB-INF\classes\spring-context.xml]: Invocation of init method failed; nested exception is java.sql.SQLException: Access denied for user 'root'@'localhost' (using password: YES)
	at org.springframework.beans.factory.support.AbstractAutowireCapableBeanFactory.initializeBean(AbstractAutowireCapableBeanFactory.java:1554)
	at org.springframework.beans.factory.support.AbstractAutowireCapableBeanFactory.doCreateBean(AbstractAutowireCapableBeanFactory.java:539)
	at org.springframework.beans.factory.support.AbstractAutowireCapableBeanFactory.createBean(AbstractAutowireCapableBeanFactory.java:475)
	at org.springframework.beans.factory.support.AbstractBeanFactory$1.getObject(AbstractBeanFactory.java:302)
	at org.springframework.beans.factory.support.DefaultSingletonBeanRegistry.getSingleton(DefaultSingletonBeanRegistry.java:228)
	at org.springframework.beans.factory.support.AbstractBeanFactory.doGetBean(AbstractBeanFactory.java:298)
	at org.springframework.beans.factory.support.AbstractBeanFactory.getBean(AbstractBeanFactory.java:193)
	at org.springframework.beans.factory.support.BeanDefinitionValueResolver.resolveReference(BeanDefinitionValueResolver.java:328)
	... 36 more
Caused by: java.sql.SQLException: Access denied for user 'root'@'localhost' (using password: YES)
	at com.mysql.jdbc.SQLError.createSQLException(SQLError.java:1084)
	at com.mysql.jdbc.MysqlIO.checkErrorPacket(MysqlIO.java:4232)
	at com.mysql.jdbc.MysqlIO.checkErrorPacket(MysqlIO.java:4164)
	at com.mysql.jdbc.MysqlIO.checkErrorPacket(MysqlIO.java:926)
	at com.mysql.jdbc.MysqlIO.secureAuth411(MysqlIO.java:4732)
	at com.mysql.jdbc.MysqlIO.doHandshake(MysqlIO.java:1340)
	at com.mysql.jdbc.ConnectionImpl.coreConnect(ConnectionImpl.java:2506)
	at com.mysql.jdbc.ConnectionImpl.connectOneTryOnly(ConnectionImpl.java:2539)
	at com.mysql.jdbc.ConnectionImpl.createNewIO(ConnectionImpl.java:2321)
	at com.mysql.jdbc.ConnectionImpl.<init>(ConnectionImpl.java:832)
	at com.mysql.jdbc.JDBC4Connection.<init>(JDBC4Connection.java:46)
	at sun.reflect.NativeConstructorAccessorImpl.newInstance0(Native Method)
	at sun.reflect.NativeConstructorAccessorImpl.newInstance(NativeConstructorAccessorImpl.java:57)
	at sun.reflect.DelegatingConstructorAccessorImpl.newInstance(DelegatingConstructorAccessorImpl.java:45)
	at java.lang.reflect.Constructor.newInstance(Constructor.java:525)
	at com.mysql.jdbc.Util.handleNewInstance(Util.java:409)
	at com.mysql.jdbc.ConnectionImpl.getInstance(ConnectionImpl.java:417)
	at com.mysql.jdbc.NonRegisteringDriver.connect(NonRegisteringDriver.java:344)
	at com.alibaba.druid.filter.FilterChainImpl.connection_connect(FilterChainImpl.java:148)
	at com.alibaba.druid.filter.stat.StatFilter.connection_connect(StatFilter.java:211)
	at com.alibaba.druid.filter.FilterChainImpl.connection_connect(FilterChainImpl.java:142)
	at com.alibaba.druid.pool.DruidAbstractDataSource.createPhysicalConnection(DruidAbstractDataSource.java:1377)
	at com.alibaba.druid.pool.DruidAbstractDataSource.createPhysicalConnection(DruidAbstractDataSource.java:1431)
	at com.alibaba.druid.pool.DruidDataSource.init(DruidDataSource.java:630)
	at sun.reflect.NativeMethodAccessorImpl.invoke0(Native Method)
	at sun.reflect.NativeMethodAccessorImpl.invoke(NativeMethodAccessorImpl.java:57)
	at sun.reflect.DelegatingMethodAccessorImpl.invoke(DelegatingMethodAccessorImpl.java:43)
	at java.lang.reflect.Method.invoke(Method.java:601)
	at org.springframework.beans.factory.support.AbstractAutowireCapableBeanFactory.invokeCustomInitMethod(AbstractAutowireCapableBeanFactory.java:1682)
	at org.springframework.beans.factory.support.AbstractAutowireCapableBeanFactory.invokeInitMethods(AbstractAutowireCapableBeanFactory.java:1621)
	at org.springframework.beans.factory.support.AbstractAutowireCapableBeanFactory.initializeBean(AbstractAutowireCapableBeanFactory.java:1550)
	... 43 more
2016-01-11 17:42:04,648 [http-bio-8181-exec-2] DEBUG [com.thinkgem.jeesite.modules.sys.interceptor.LogInterceptor] - 开始计时: 05:42:04.644  URI: /jeesite/a;JSESSIONID=f00efa02b5354584b032f8215e0726e3
2016-01-11 17:42:04,718 [http-bio-8181-exec-2] DEBUG [com.thinkgem.jeesite.modules.sys.dao.UserDao.getByLoginName] - ==>  Preparing: SELECT a.id, a.company_id AS "company.id", a.office_id AS "office.id", a.login_name, a.password, a.no, a.name, a.email, a.phone, a.mobile, a.user_type, a.login_ip, a.login_date, a.remarks, a.login_flag, a.photo, a.create_by AS "createBy.id", a.create_date, a.update_by AS "updateBy.id", a.update_date, a.del_flag, c.name AS "company.name", c.parent_id AS "company.parent.id", c.parent_ids AS "company.parentIds", ca.id AS "company.area.id", ca.name AS "company.area.name", ca.parent_id AS "company.area.parent.id", ca.parent_ids AS "company.area.parentIds", o.name AS "office.name", o.parent_id AS "office.parent.id", o.parent_ids AS "office.parentIds", oa.id AS "office.area.id", oa.name AS "office.area.name", oa.parent_id AS "office.area.parent.id", oa.parent_ids AS "office.area.parentIds", cu.id AS "company.primaryPerson.id", cu.name AS "company.primaryPerson.name", cu2.id AS "company.deputyPerson.id", cu2.name AS "company.deputyPerson.name", ou.id AS "office.primaryPerson.id", ou.name AS "office.primaryPerson.name", ou2.id AS "office.deputyPerson.id", ou2.name AS "office.deputyPerson.name" FROM sys_user a LEFT JOIN sys_office c ON c.id = a.company_id LEFT JOIN sys_area ca ON ca.id = c.area_id LEFT JOIN sys_office o ON o.id = a.office_id LEFT JOIN sys_area oa ON oa.id = o.area_id LEFT JOIN sys_user cu ON cu.id = c.primary_person LEFT JOIN sys_user cu2 ON cu2.id = c.deputy_person LEFT JOIN sys_user ou ON ou.id = o.primary_person LEFT JOIN sys_user ou2 ON ou2.id = o.deputy_person WHERE a.login_name = ? AND a.del_flag = ? 
2016-01-11 17:42:04,741 [http-bio-8181-exec-2] DEBUG [com.thinkgem.jeesite.modules.sys.dao.UserDao.getByLoginName] - ==> Parameters: thinkgem(String), 0(String)
2016-01-11 17:42:04,770 [http-bio-8181-exec-2] DEBUG [com.thinkgem.jeesite.modules.sys.dao.UserDao.getByLoginName] - <==      Total: 1
2016-01-11 17:42:04,837 [http-bio-8181-exec-2] DEBUG [com.thinkgem.jeesite.modules.sys.dao.RoleDao.findList] - ==>  Preparing: SELECT a.id, a.office_id AS "office.id", a.name, a.enname, a.role_type AS roleType, a.data_scope AS dataScope, a.remarks, a.create_by AS "createBy.id", a.create_date, a.update_by AS "updateBy.id", a.update_date, a.del_flag, o.name AS "office.name", o.code, a.useable AS useable, a.is_sys AS sysData , ro.office_id AS "officeList.id" FROM sys_role a LEFT JOIN sys_office o ON o.id = a.office_id LEFT JOIN sys_user_role ur ON ur.role_id = a.id LEFT JOIN sys_user u ON u.id = ur.user_id LEFT JOIN sys_role_office ro ON ro.role_id = a.id WHERE a.del_flag = ? AND a.useable=? AND u.id = ? AND u.login_name = ? ORDER BY o.code, a.name 
2016-01-11 17:42:04,839 [http-bio-8181-exec-2] DEBUG [com.thinkgem.jeesite.modules.sys.dao.RoleDao.findList] - ==> Parameters: 0(String), 1(String), 1(String), thinkgem(String)
2016-01-11 17:42:04,845 [http-bio-8181-exec-2] DEBUG [com.thinkgem.jeesite.modules.sys.dao.RoleDao.findList] - <==      Total: 2
2016-01-11 17:42:04,850 [http-bio-8181-exec-2] DEBUG [com.thinkgem.jeesite.modules.sys.dao.MenuDao.findAllList] - ==>  Preparing: SELECT a.id, a.parent_id AS "parent.id", a.parent_ids, a.name, a.href, a.target, a.icon, a.sort, a.is_show, a.permission, a.remarks, a.create_by AS "createBy.id", a.create_date, a.update_by AS "updateBy.id", a.update_date, a.del_flag, p.name AS "parent.name" FROM sys_menu a LEFT JOIN sys_menu p ON p.id = a.parent_id WHERE a.del_flag = ? ORDER BY a.sort 
2016-01-11 17:42:04,850 [http-bio-8181-exec-2] DEBUG [com.thinkgem.jeesite.modules.sys.dao.MenuDao.findAllList] - ==> Parameters: 0(String)
2016-01-11 17:42:04,945 [http-bio-8181-exec-2] DEBUG [com.thinkgem.jeesite.modules.sys.dao.MenuDao.findAllList] - <==      Total: 98
2016-01-11 17:42:04,949 [http-bio-8181-exec-2] DEBUG [com.thinkgem.jeesite.modules.sys.dao.UserDao.updateLoginInfo] - ==>  Preparing: UPDATE sys_user SET login_ip = ?, login_Date = ? WHERE id = ? 
2016-01-11 17:42:04,953 [http-bio-8181-exec-2] DEBUG [com.thinkgem.jeesite.modules.sys.dao.UserDao.updateLoginInfo] - ==> Parameters: 0:0:0:0:0:0:0:1(String), 2016-01-11 17:42:04.949(Timestamp), 1(String)
2016-01-11 17:42:04,956 [http-bio-8181-exec-2] DEBUG [com.thinkgem.jeesite.modules.sys.dao.UserDao.updateLoginInfo] - <==    Updates: 1
2016-01-11 17:42:04,999 [http-bio-8181-exec-2] INFO  [com.thinkgem.jeesite.modules.sys.interceptor.LogInterceptor] - ViewName: modules/sys/sysIndex
2016-01-11 17:42:05,086 [SaveLogThread] DEBUG [com.thinkgem.jeesite.modules.sys.dao.LogDao.insert] - ==>  Preparing: INSERT INTO sys_log( id, type, title, create_by, create_date, remote_addr, user_agent, request_uri, method, params, exception ) VALUES ( ?, ?, ?, ?, ?, ?, ?, ?, ?, ?, ? ) 
2016-01-11 17:42:05,094 [SaveLogThread] DEBUG [com.thinkgem.jeesite.modules.sys.dao.LogDao.insert] - ==> Parameters: 3210b4e346a44652b312f85b45f0cd23(String), 1(String), 系统登录(String), 1(String), 2016-01-11 17:42:05.048(Timestamp), 0:0:0:0:0:0:0:1(String), Mozilla/5.0 (Windows NT 6.1; WOW64; rv:43.0) Gecko/20100101 Firefox/43.0(String), /jeesite/a;JSESSIONID=f00efa02b5354584b032f8215e0726e3(String), GET(String), (String), (String)
2016-01-11 17:42:05,104 [SaveLogThread] DEBUG [com.thinkgem.jeesite.modules.sys.dao.LogDao.insert] - <==    Updates: 1
2016-01-11 17:42:07,426 [http-bio-8181-exec-2] DEBUG [com.thinkgem.jeesite.modules.sys.dao.DictDao.findAllList] - ==>  Preparing: SELECT * FROM sys_dict WHERE del_flag = ? ORDER BY type, sort, update_date DESC 
2016-01-11 17:42:07,426 [http-bio-8181-exec-2] DEBUG [com.thinkgem.jeesite.modules.sys.dao.DictDao.findAllList] - ==> Parameters: 0(String)
2016-01-11 17:42:07,496 [http-bio-8181-exec-2] DEBUG [com.thinkgem.jeesite.modules.sys.dao.DictDao.findAllList] - <==      Total: 67
2016-01-11 17:42:07,522 [SaveLogThread] DEBUG [com.thinkgem.jeesite.modules.sys.dao.MenuDao.findAllList] - ==>  Preparing: SELECT a.id, a.parent_id AS "parent.id", a.parent_ids, a.name, a.href, a.target, a.icon, a.sort, a.is_show, a.permission, a.remarks, a.create_by AS "createBy.id", a.create_date, a.update_by AS "updateBy.id", a.update_date, a.del_flag, p.name AS "parent.name" FROM sys_menu a LEFT JOIN sys_menu p ON p.id = a.parent_id WHERE a.del_flag = ? ORDER BY a.sort 
2016-01-11 17:42:07,522 [http-bio-8181-exec-2] DEBUG [com.thinkgem.jeesite.modules.sys.interceptor.LogInterceptor] - 计时结束：05:42:07.521  耗时：0:0:2.877  URI: /jeesite/a;JSESSIONID=f00efa02b5354584b032f8215e0726e3  最大内存: 455m  已分配内存: 319m  已分配内存中的剩余空间: 172m  最大可用内存: 308m
2016-01-11 17:42:07,523 [SaveLogThread] DEBUG [com.thinkgem.jeesite.modules.sys.dao.MenuDao.findAllList] - ==> Parameters: 0(String)
2016-01-11 17:42:07,637 [SaveLogThread] DEBUG [com.thinkgem.jeesite.modules.sys.dao.MenuDao.findAllList] - <==      Total: 98
2016-01-11 17:42:09,950 [http-bio-8181-exec-5] DEBUG [com.thinkgem.jeesite.modules.sys.interceptor.LogInterceptor] - 开始计时: 05:42:09.950  URI: /jeesite/a/sys/user/info
2016-01-11 17:42:09,979 [http-bio-8181-exec-5] INFO  [com.thinkgem.jeesite.modules.sys.interceptor.LogInterceptor] - ViewName: modules/sys/userInfo
2016-01-11 17:42:11,132 [http-bio-8181-exec-5] DEBUG [com.thinkgem.jeesite.modules.sys.interceptor.LogInterceptor] - 计时结束：05:42:11.132  耗时：0:0:1.182  URI: /jeesite/a/sys/user/info  最大内存: 455m  已分配内存: 307m  已分配内存中的剩余空间: 113m  最大可用内存: 260m
2016-01-11 17:42:11,133 [SaveLogThread] DEBUG [com.thinkgem.jeesite.modules.sys.dao.LogDao.insert] - ==>  Preparing: INSERT INTO sys_log( id, type, title, create_by, create_date, remote_addr, user_agent, request_uri, method, params, exception ) VALUES ( ?, ?, ?, ?, ?, ?, ?, ?, ?, ?, ? ) 
2016-01-11 17:42:11,135 [SaveLogThread] DEBUG [com.thinkgem.jeesite.modules.sys.dao.LogDao.insert] - ==> Parameters: 07eaf01681ad4fc998c6c112980ef0c8(String), 1(String), 我的面板-个人信息-个人信息(String), 1(String), 2016-01-11 17:42:11.132(Timestamp), 0:0:0:0:0:0:0:1(String), Mozilla/5.0 (Windows NT 6.1; WOW64; rv:43.0) Gecko/20100101 Firefox/43.0(String), /jeesite/a/sys/user/info(String), GET(String), tabPageId=jerichotabiframe_0(String), (String)
2016-01-11 17:42:11,141 [SaveLogThread] DEBUG [com.thinkgem.jeesite.modules.sys.dao.LogDao.insert] - <==    Updates: 1
